<?xml version="1.0" encoding="UTF-8"?>
<testng-results skipped="0" failed="0" total="1" passed="1">
  <reporter-output>
  </reporter-output>
  <suite name="qaclickacademy.APITest" duration-ms="51" started-at="2019-07-14T10:24:39Z" finished-at="2019-07-14T10:24:39Z">
    <groups>
    </groups>
    <test name="Command line test" duration-ms="51" started-at="2019-07-14T10:24:39Z" finished-at="2019-07-14T10:24:39Z">
      <class name="qaclickacademy.APITest">
        <test-method status="PASS" signature="demo()[pri:0, instance:qaclickacademy.APITest@152f6e2]" name="demo" duration-ms="18" started-at="2019-07-14T15:54:39Z" finished-at="2019-07-14T15:54:39Z">
          <reporter-output>
          </reporter-output>
        </test-method> <!-- demo -->
      </class> <!-- qaclickacademy.APITest -->
    </test> <!-- Command line test -->
  </suite> <!-- qaclickacademy.APITest -->
</testng-results>
