<?xml version="1.0" encoding="UTF-8"?>
<testng-results skipped="0" failed="0" ignored="0" total="1" passed="1">
  <reporter-output>
  </reporter-output>
  <suite name="Default suite" duration-ms="181" started-at="2019-07-14T10:20:13Z" finished-at="2019-07-14T10:20:14Z">
    <groups>
    </groups>
    <test name="Default test" duration-ms="181" started-at="2019-07-14T10:20:13Z" finished-at="2019-07-14T10:20:14Z">
      <class name="qaclickacademy.APITest">
        <test-method status="PASS" signature="demo()[pri:0, instance:qaclickacademy.APITest@15eef3d]" name="demo" duration-ms="38" started-at="2019-07-14T10:20:14Z" finished-at="2019-07-14T10:20:14Z">
          <reporter-output>
          </reporter-output>
        </test-method> <!-- demo -->
      </class> <!-- qaclickacademy.APITest -->
    </test> <!-- Default test -->
  </suite> <!-- Default suite -->
</testng-results>
